[debug] [2021-05-08T10:55:22.737Z] ----------------------------------------------------------------------
[debug] [2021-05-08T10:55:22.744Z] Command:       C:\Program Files\nodejs\node.exe C:\Users\deepa\AppData\Roaming\npm\node_modules\firebase-tools\lib\bin\firebase.js init
[debug] [2021-05-08T10:55:22.745Z] CLI Version:   9.10.0
[debug] [2021-05-08T10:55:22.745Z] Platform:      win32
[debug] [2021-05-08T10:55:22.746Z] Node Version:  v14.15.1
[debug] [2021-05-08T10:55:22.748Z] Time:          Sat May 08 2021 16:25:22 GMT+0530 (India Standard Time)
[debug] [2021-05-08T10:55:22.748Z] ----------------------------------------------------------------------
[debug] 
[debug] [2021-05-08T10:55:22.766Z] > command requires scopes: ["email","openid","https://www.googleapis.com/auth/cloudplatformprojects.readonly","https://www.googleapis.com/auth/firebase","https://www.googleapis.com/auth/cloud-platform"]
[debug] [2021-05-08T10:55:22.767Z] > authorizing via signed-in user (deepakanjani21@gmail.com)
[info] 
     ######## #### ########  ######## ########     ###     ######  ########
     ##        ##  ##     ## ##       ##     ##  ##   ##  ##       ##
     ######    ##  ########  ######   ########  #########  ######  ######
     ##        ##  ##    ##  ##       ##     ## ##     ##       ## ##
     ##       #### ##     ## ######## ########  ##     ##  ######  ########

You're about to initialize a Firebase project in this directory:

  F:\gitrepos\disney-clone

Before we get started, keep in mind:

  * You are initializing in an existing Firebase project directory

